<?xml version="1.0" encoding="UTF-8"?>
<testng-results skipped="0" failed="0" ignored="0" total="1" passed="1">
  <reporter-output>
  </reporter-output>
  <suite name="Default suite" duration-ms="8128" started-at="2020-09-05T06:20:12Z" finished-at="2020-09-05T06:20:20Z">
    <groups>
    </groups>
    <test name="Default test" duration-ms="8128" started-at="2020-09-05T06:20:12Z" finished-at="2020-09-05T06:20:20Z">
      <class name="kctt.NewTest">
        <test-method status="PASS" signature="verifyContactsPageLabelTest()[pri:1, instance:kctt.NewTest@17503f6b]" name="verifyContactsPageLabelTest" duration-ms="8102" started-at="2020-09-05T06:20:12Z" finished-at="2020-09-05T06:20:20Z">
          <reporter-output>
          </reporter-output>
        </test-method> <!-- verifyContactsPageLabelTest -->
      </class> <!-- kctt.NewTest -->
    </test> <!-- Default test -->
  </suite> <!-- Default suite -->
</testng-results>
