<?xml version="1.0" encoding="UTF-8"?>
<testng-results skipped="0" failed="0" ignored="0" total="1" passed="1">
  <reporter-output>
  </reporter-output>
  <suite name="Default suite" duration-ms="28379" started-at="2020-09-19T07:28:04Z" finished-at="2020-09-19T07:28:33Z">
    <groups>
    </groups>
    <test name="Default test" duration-ms="28379" started-at="2020-09-19T07:28:04Z" finished-at="2020-09-19T07:28:33Z">
      <class name="kctt.NewTest">
        <test-method status="PASS" signature="verifyContactsPageLabelTest()[pri:1, instance:kctt.NewTest@2235eaab]" name="verifyContactsPageLabelTest" duration-ms="28348" started-at="2020-09-19T07:28:04Z" finished-at="2020-09-19T07:28:33Z">
          <reporter-output>
          </reporter-output>
        </test-method> <!-- verifyContactsPageLabelTest -->
      </class> <!-- kctt.NewTest -->
    </test> <!-- Default test -->
  </suite> <!-- Default suite -->
</testng-results>
